<?xml version="1.0" encoding="UTF-8"?>
<!-- Generated by org.testng.reporters.JUnitXMLReporter -->
<testsuite ignored="0" hostname="DESKTOP-GRCB15Q" failures="0" tests="4" name="Default test" time="38.318" errors="0" timestamp="2023-10-17T01:41:56 EET">
  <testcase classname="calculater_mobile_assertion.calculaterClass" name="testAddition" time="6.041"/>
  <testcase classname="calculater_mobile_assertion.calculaterClass" name="testDivision" time="3.281"/>
  <testcase classname="calculater_mobile_assertion.calculaterClass" name="testMultiplication" time="3.92"/>
  <testcase classname="calculater_mobile_assertion.calculaterClass" name="testSubtraction" time="4.021"/>
</testsuite> <!-- Default test -->
